<?xml version="1.0" encoding="UTF-8"?>
<testsuite name="SampleTest" tests="1" skipped="0" failures="0" errors="0" timestamp="2021-12-07T16:22:30" hostname="WHALEFALL" time="2.009">
  <properties/>
  <testcase name="testSelect()" classname="SampleTest" time="2.009"/>
  <system-out><![CDATA[2021-12-08 00:22:25.897  INFO   --- [    Test worker] .b.t.c.SpringBootTestContextBootstrapper : Neither @ContextConfiguration nor @ContextHierarchy found for test class [SampleTest], using SpringBootContextLoader
2021-12-08 00:22:25.907  INFO   --- [    Test worker] o.s.t.c.support.AbstractContextLoader    : Could not detect default resource locations for test class [SampleTest]: no resource found for suffixes {-context.xml, Context.groovy}.
2021-12-08 00:22:26.195  INFO   --- [    Test worker] .b.t.c.SpringBootTestContextBootstrapper : Loaded default TestExecutionListener class names from location [META-INF/spring.factories]: [org.springframework.boot.test.autoconfigure.restdocs.RestDocsTestExecutionListener, org.springframework.boot.test.autoconfigure.web.client.MockRestServiceServerResetTestExecutionListener, org.springframework.boot.test.autoconfigure.web.servlet.MockMvcPrintOnlyOnFailureTestExecutionListener, org.springframework.boot.test.autoconfigure.web.servlet.WebDriverTestExecutionListener, org.springframework.boot.test.autoconfigure.webservices.client.MockWebServiceServerTestExecutionListener, org.springframework.boot.test.mock.mockito.MockitoTestExecutionListener, org.springframework.boot.test.mock.mockito.ResetMocksTestExecutionListener, org.springframework.test.context.web.ServletTestExecutionListener, org.springframework.test.context.support.DirtiesContextBeforeModesTestExecutionListener, org.springframework.test.context.event.ApplicationEventsTestExecutionListener, org.springframework.test.context.support.DependencyInjectionTestExecutionListener, org.springframework.test.context.support.DirtiesContextTestExecutionListener, org.springframework.test.context.transaction.TransactionalTestExecutionListener, org.springframework.test.context.jdbc.SqlScriptsTestExecutionListener, org.springframework.test.context.event.EventPublishingTestExecutionListener]
2021-12-08 00:22:26.224  INFO   --- [    Test worker] .b.t.c.SpringBootTestContextBootstrapper : Using TestExecutionListeners: [org.springframework.test.context.web.ServletTestExecutionListener@600c9dfb, org.springframework.test.context.support.DirtiesContextBeforeModesTestExecutionListener@e9689b8, org.springframework.test.context.event.ApplicationEventsTestExecutionListener@568d0fe5, org.springframework.boot.test.mock.mockito.MockitoTestExecutionListener@7e456137, org.springframework.boot.test.autoconfigure.SpringBootDependencyInjectionTestExecutionListener@7a22d841, org.springframework.test.context.support.DirtiesContextTestExecutionListener@40c345f4, org.springframework.test.context.transaction.TransactionalTestExecutionListener@7e0f982e, org.springframework.test.context.jdbc.SqlScriptsTestExecutionListener@2b960201, org.springframework.test.context.event.EventPublishingTestExecutionListener@471a27e2, org.springframework.boot.test.autoconfigure.restdocs.RestDocsTestExecutionListener@1dac3610, org.springframework.boot.test.autoconfigure.web.client.MockRestServiceServerResetTestExecutionListener@1f600363, org.springframework.boot.test.autoconfigure.web.servlet.MockMvcPrintOnlyOnFailureTestExecutionListener@4fd9c84, org.springframework.boot.test.autoconfigure.web.servlet.WebDriverTestExecutionListener@12ce9ece, org.springframework.boot.test.autoconfigure.webservices.client.MockWebServiceServerTestExecutionListener@6e2e2631, org.springframework.boot.test.mock.mockito.ResetMocksTestExecutionListener@71ca4b8c]

  .   ____          _            __ _ _
 /\\ / ___'_ __ _ _(_)_ __  __ _ \ \ \ \
( ( )\___ | '_ | '_| | '_ \/ _` | \ \ \ \
 \\/  ___)| |_)| | | | | || (_| |  ) ) ) )
  '  |____| .__|_| |_|_| |_\__, | / / / /
 =========|_|==============|___/=/_/_/_/
 :: Spring Boot ::                (v2.6.1)

2021-12-08 00:22:26.768  INFO 13724 --- [    Test worker] SampleTest                               : Starting SampleTest using Java 1.8.0_212 on WhaleFall with PID 13724 (started by jack in C:\Users\jackc\Desktop\project\mybatis-plus)
2021-12-08 00:22:26.769  INFO 13724 --- [    Test worker] SampleTest                               : No active profile set, falling back to default profiles: default
 _ _   |_  _ _|_. ___ _ |    _ 
| | |\/|_)(_| | |_\  |_)||_|_\ 
     /               |         
                        3.2.0 
2021-12-08 00:22:29.708  INFO 13724 --- [    Test worker] org.quartz.impl.StdSchedulerFactory      : Using default implementation for ThreadExecutor
2021-12-08 00:22:29.735  INFO 13724 --- [    Test worker] org.quartz.core.SchedulerSignalerImpl    : Initialized Scheduler Signaller of type: class org.quartz.core.SchedulerSignalerImpl
2021-12-08 00:22:29.735  INFO 13724 --- [    Test worker] org.quartz.core.QuartzScheduler          : Quartz Scheduler v.2.3.2 created.
2021-12-08 00:22:29.735  INFO 13724 --- [    Test worker] org.quartz.simpl.RAMJobStore             : RAMJobStore initialized.
2021-12-08 00:22:29.739  INFO 13724 --- [    Test worker] org.quartz.core.QuartzScheduler          : Scheduler meta-data: Quartz Scheduler (v2.3.2) 'quartzScheduler' with instanceId 'NON_CLUSTERED'
  Scheduler class: 'org.quartz.core.QuartzScheduler' - running locally.
  NOT STARTED.
  Currently in standby mode.
  Number of jobs executed: 0
  Using thread pool 'org.quartz.simpl.SimpleThreadPool' - with 10 threads.
  Using job-store 'org.quartz.simpl.RAMJobStore' - which does not support persistence. and is not clustered.

2021-12-08 00:22:29.739  INFO 13724 --- [    Test worker] org.quartz.impl.StdSchedulerFactory      : Quartz scheduler 'quartzScheduler' initialized from an externally provided properties instance.
2021-12-08 00:22:29.739  INFO 13724 --- [    Test worker] org.quartz.impl.StdSchedulerFactory      : Quartz scheduler version: 2.3.2
2021-12-08 00:22:29.739  INFO 13724 --- [    Test worker] org.quartz.core.QuartzScheduler          : JobFactory set to: org.springframework.scheduling.quartz.SpringBeanJobFactory@48320dcd
2021-12-08 00:22:30.107  INFO 13724 --- [    Test worker] o.s.s.quartz.SchedulerFactoryBean        : Starting Quartz Scheduler now
2021-12-08 00:22:30.111  INFO 13724 --- [    Test worker] org.quartz.core.QuartzScheduler          : Scheduler quartzScheduler_$_NON_CLUSTERED started.
2021-12-08 00:22:30.127  INFO 13724 --- [    Test worker] SampleTest                               : Started SampleTest in 3.826 seconds (JVM running for 6.595)
----- selectAll method test ------
2021-12-08 00:22:30.572  INFO 13724 --- [    Test worker] com.zaxxer.hikari.HikariDataSource       : HikariPool-1 - Starting...
2021-12-08 00:22:30.580  WARN 13724 --- [    Test worker] com.zaxxer.hikari.util.DriverDataSource  : Registered driver with driverClassName=oracle.jdbc.driver.OracleDriver was not found, trying direct instantiation.
2021-12-08 00:22:31.866  INFO 13724 --- [    Test worker] com.zaxxer.hikari.HikariDataSource       : HikariPool-1 - Start completed.
Users(id=5, name=Billie, age=24, email=test5@baomidou.com)
Users(id=4, name=Sandy, age=21, email=test4@baomidou.com)
Users(id=3, name=Tom, age=28, email=test3@baomidou.com)
Users(id=2, name=Jack, age=20, email=test2@baomidou.com)
Users(id=1, name=Jone, age=18, email=test1@baomidou.com)
]]></system-out>
  <system-err><![CDATA[]]></system-err>
</testsuite>
